<?xml version="1.0" encoding="UTF-8"?>
<!-- Generated by org.testng.reporters.JUnitReportReporter -->
<testsuite hostname="Atish" name="com.demoaut.newtours.MyFramework.ReadKeywordSheet" tests="1" failures="0" timestamp="17 Aug 2017 03:44:21 GMT" time="26.807" errors="0">
  <testcase name="Test" time="26.807" classname="com.demoaut.newtours.MyFramework.ReadKeywordSheet"/>
</testsuite> <!-- com.demoaut.newtours.MyFramework.ReadKeywordSheet -->
